<?xml version='1.0' encoding='UTF-8'?>
<testsuite hostname="c11-ktfbtbneveb" name="ledger.domain.LedgerSpec" tests="9" errors="0" failures="1" skipped="0" time="0.055" timestamp="2026-04-02T14:54:39">
          <properties>
[...]
</properties>
          <testcase classname="ledger.domain.LedgerSpec" name="Ledger should exist and allow tests to run" time="0.015">
                      
                    </testcase><testcase classname="ledger.domain.LedgerSpec" name="Ledger should return an empty list of months when created with no transactions" time="0.005">
                      
                    </testcase><testcase classname="ledger.domain.LedgerSpec" name="Ledger should group transactions by year and month" time="0.017">
                      
                    </testcase><testcase classname="ledger.domain.LedgerSpec" name="Ledger should return a single Month when all transactions occur in the same month" time="0.016">
                      <failure message="List(Transaction(2026-03-10, Category(&quot;Rent&quot;), Money(-500)), Transaction(2026-03-10, Category(&quot;Salary&quot;), Money(1000))) did not contain the same elements in the same (iterated) order as List(Transaction(2026-03-10, Category(&quot;Salary&quot;), Money(1000)), Transaction(2026-03-10, Category(&quot;Rent&quot;), Money(-500)))" type="org.scalatest.exceptions.TestFailedException">org.scalatest.exceptions.TestFailedException: List(Transaction(2026-03-10, Category(&quot;Rent&quot;), Money(-500)), Transaction(2026-03-10, Category(&quot;Salary&quot;), Money(1000))) did not contain the same elements in the same (iterated) order as List(Transaction(2026-03-10, Category(&quot;Salary&quot;), Money(1000)), Transaction(2026-03-10, Category(&quot;Rent&quot;), Money(-500)))
	at org.scalatest.matchers.MatchersHelper$.indicateFailure(MatchersHelper.scala:392)
	at org.scalatest.matchers.dsl.ResultOfContainWord.theSameElementsInOrderAs(ResultOfContainWord.scala:223)
	at ledger.domain.LedgerSpec.$anonfun$new$5(LedgerSpec.scala:67)
	at org.scalatest.OutcomeOf.outcomeOf(OutcomeOf.scala:85)
	at org.scalatest.OutcomeOf.outcomeOf$(OutcomeOf.scala:83)
	at org.scalatest.OutcomeOf$.outcomeOf(OutcomeOf.scala:104)
	at org.scalatest.Transformer.apply(Transformer.scala:22)
	at org.scalatest.Transformer.apply(Transformer.scala:20)
	at org.scalatest.wordspec.AnyWordSpecLike$$anon$3.apply(AnyWordSpecLike.scala:1240)
	at org.scalatest.TestSuite.withFixture(TestSuite.scala:196)
	at org.scalatest.TestSuite.withFixture$(TestSuite.scala:195)
	at org.scalatest.wordspec.AnyWordSpec.withFixture(AnyWordSpec.scala:1880)
	at org.scalatest.wordspec.AnyWordSpecLike.invokeWithFixture$1(AnyWordSpecLike.scala:1238)
	at org.scalatest.wordspec.AnyWordSpecLike.$anonfun$runTest$1(AnyWordSpecLike.scala:1250)
	at org.scalatest.SuperEngine.runTestImpl(Engine.scala:306)
	at org.scalatest.wordspec.AnyWordSpecLike.runTest(AnyWordSpecLike.scala:1250)
	at org.scalatest.wordspec.AnyWordSpecLike.runTest$(AnyWordSpecLike.scala:1232)
	at org.scalatest.wordspec.AnyWordSpec.runTest(AnyWordSpec.scala:1880)
	at org.scalatest.wordspec.AnyWordSpecLike.$anonfun$runTests$1(AnyWordSpecLike.scala:1309)
	at org.scalatest.SuperEngine.$anonfun$runTestsInBranch$1(Engine.scala:413)
	at scala.collection.immutable.List.foreach(List.scala:334)
	at org.scalatest.SuperEngine.traverseSubNodes$1(Engine.scala:401)
	at org.scalatest.SuperEngine.runTestsInBranch(Engine.scala:390)
	at org.scalatest.SuperEngine.$anonfun$runTestsInBranch$1(Engine.scala:427)
	at scala.collection.immutable.List.foreach(List.scala:334)
	at org.scalatest.SuperEngine.traverseSubNodes$1(Engine.scala:401)
	at org.scalatest.SuperEngine.runTestsInBranch(Engine.scala:396)
	at org.scalatest.SuperEngine.runTestsImpl(Engine.scala:475)
	at org.scalatest.wordspec.AnyWordSpecLike.runTests(AnyWordSpecLike.scala:1309)
	at org.scalatest.wordspec.AnyWordSpecLike.runTests$(AnyWordSpecLike.scala:1308)
	at org.scalatest.wordspec.AnyWordSpec.runTests(AnyWordSpec.scala:1880)
	at org.scalatest.Suite.run(Suite.scala:1114)
	at org.scalatest.Suite.run$(Suite.scala:1096)
	at org.scalatest.wordspec.AnyWordSpec.org$scalatest$wordspec$AnyWordSpecLike$$super$run(AnyWordSpec.scala:1880)
	at org.scalatest.wordspec.AnyWordSpecLike.$anonfun$run$1(AnyWordSpecLike.scala:1354)
	at org.scalatest.SuperEngine.runImpl(Engine.scala:535)
	at org.scalatest.wordspec.AnyWordSpecLike.run(AnyWordSpecLike.scala:1354)
	at org.scalatest.wordspec.AnyWordSpecLike.run$(AnyWordSpecLike.scala:1352)
	at org.scalatest.wordspec.AnyWordSpec.run(AnyWordSpec.scala:1880)
	at org.scalatest.tools.Framework.org$scalatest$tools$Framework$$runSuite(Framework.scala:321)
	at org.scalatest.tools.Framework$ScalaTestTask.execute(Framework.scala:517)
	at sbt.TestRunner.runTest$1(TestFramework.scala:153)
	at sbt.TestRunner.run(TestFramework.scala:168)
	at sbt.TestFramework$$anon$3$$anonfun$$lessinit$greater$1.$anonfun$apply$1(TestFramework.scala:336)
	at sbt.TestFramework$.sbt$TestFramework$$withContextLoader(TestFramework.scala:296)
	at sbt.TestFramework$$anon$3$$anonfun$$lessinit$greater$1.apply(TestFramework.scala:336)
	at sbt.TestFramework$$anon$3$$anonfun$$lessinit$greater$1.apply(TestFramework.scala:336)
	at sbt.TestFunction.apply(TestFramework.scala:348)
	at sbt.Tests$.$anonfun$toTask$1(Tests.scala:436)
	at sbt.std.Transform$$anon$3.$anonfun$apply$2(Transform.scala:47)
	at sbt.std.Transform$$anon$4.work(Transform.scala:69)
	at sbt.Execute.$anonfun$submit$2(Execute.scala:283)
	at sbt.internal.util.ErrorHandling$.wideConvert(ErrorHandling.scala:24)
	at sbt.Execute.work(Execute.scala:292)
	at sbt.Execute.$anonfun$submit$1(Execute.scala:283)
	at sbt.ConcurrentRestrictions$$anon$4.$anonfun$submitValid$1(ConcurrentRestrictions.scala:265)
	at sbt.CompletionService$$anon$2.call(CompletionService.scala:65)
	at java.base/java.util.concurrent.FutureTask.run(FutureTask.java:328)
	at java.base/java.util.concurrent.Executors$RunnableAdapter.call(Executors.java:545)
	at java.base/java.util.concurrent.FutureTask.run(FutureTask.java:328)
	at java.base/java.util.concurrent.ThreadPoolExecutor.runWorker(ThreadPoolExecutor.java:1090)
	at java.base/java.util.concurrent.ThreadPoolExecutor$Worker.run(ThreadPoolExecutor.java:614)
	at java.base/java.lang.Thread.run(Thread.java:1474)
</failure>
                    </testcase><testcase classname="ledger.domain.LedgerSpec" name="Ledger should return multiple Months when transactions span multiple months" time="0.001">
                      
                    </testcase><testcase classname="ledger.domain.LedgerSpec" name="Ledger should exclude months that have no transactions" time="0.0">
                      
                    </testcase><testcase classname="ledger.domain.LedgerSpec" name="Ledger should preserve all transactions when grouping into months" time="0.0">
                      
                    </testcase><testcase classname="ledger.domain.LedgerSpec" name="Ledger should return months ordered by year and month ascending" time="0.001">
                      
                    </testcase><testcase classname="ledger.domain.LedgerSpec" name="Ledger should produce deterministic results regardless of transaction order" time="0.0">
                      
                    </testcase>
          <system-out><![CDATA[]]></system-out>
          <system-err><![CDATA[]]></system-err>
        </testsuite>