<?xml version='1.0' encoding='UTF-8'?>
<testsuite hostname="c11-ktfbtbneveb" name="ledger.domain.LedgerSpec" tests="9" errors="0" failures="0" skipped="0" time="0.033" timestamp="2026-04-08T11:31:07">
          <properties>
[...]
</properties>
          <testcase classname="ledger.domain.LedgerSpec" name="Ledger should exist and allow tests to run" time="0.013">
                      
                    </testcase><testcase classname="ledger.domain.LedgerSpec" name="Ledger should return an empty list of months when created with no transactions" time="0.008">
                      
                    </testcase><testcase classname="ledger.domain.LedgerSpec" name="Ledger should group transactions by year and month" time="0.011">
                      
                    </testcase><testcase classname="ledger.domain.LedgerSpec" name="Ledger should return a single Month when all transactions occur in the same month" time="0.0">
                      
                    </testcase><testcase classname="ledger.domain.LedgerSpec" name="Ledger should return multiple Months when transactions span multiple months" time="0.0">
                      
                    </testcase><testcase classname="ledger.domain.LedgerSpec" name="Ledger should exclude months that have no transactions" time="0.0">
                      
                    </testcase><testcase classname="ledger.domain.LedgerSpec" name="Ledger should preserve all transactions when grouping into months" time="0.0">
                      
                    </testcase><testcase classname="ledger.domain.LedgerSpec" name="Ledger should return months ordered by year and month ascending" time="0.001">
                      
                    </testcase><testcase classname="ledger.domain.LedgerSpec" name="Ledger should produce deterministic results regardless of transaction order" time="0.0">
                      
                    </testcase>
          <system-out><![CDATA[]]></system-out>
          <system-err><![CDATA[]]></system-err>
        </testsuite>